Added Component: Designator=Prog Left(BARRETTE_3X2_M_D)
Add component. Clean all parameters for all variants
Add component (AddParameter): Name = "Type"; Value = "M_D_3X2"; VariantName = "[No Variations]"
Added Component: Designator=Prog Right(BARRETTE_3X2_M_D)
Add component. Clean all parameters for all variants
Add component (AddParameter): Name = "Type"; Value = "M_D_3X2"; VariantName = "[No Variations]"
Added Component: Designator=Y?(QUARTZ_DROIT_BP)
Add component. Clean all parameters for all variants
Add component (AddParameter): Name = "Type"; Value = "DROIT_BP"; VariantName = "[No Variations]"
Add component (AddParameter): Name = "Value"; Value = "20MHz"; VariantName = "[No Variations]"
Added Pin To Net: NetName=GND Pin=BackLeg-4
Added Pin To Net: NetName=+5 Pin=BackLeg-5
Added Pin To Net: NetName=+5 Pin=BackLeg-6
Added Pin To Net: NetName=GND Pin=BackLeg-7
Added Pin To Net: NetName=+5 Pin=External-1
Added Pin To Net: NetName=GND Pin=External-7
Added Pin To Net: NetName=GND Pin=FrontLeg-4
Added Pin To Net: NetName=+5 Pin=FrontLeg-5
Added Pin To Net: NetName=+5 Pin=FrontLeg-6
Added Pin To Net: NetName=GND Pin=FrontLeg-7
Added Pin To Net: NetName=+5 Pin=LeftATmeg-4
Added Pin To Net: NetName=+5 Pin=LeftATmeg-6
Added Pin To Net: NetName=+5 Pin=LeftATmeg-18
Added Pin To Net: NetName=GND Pin=MiddleLeg-4
Added Pin To Net: NetName=+5 Pin=MiddleLeg-5
Added Pin To Net: NetName=+5 Pin=MiddleLeg-6
Added Pin To Net: NetName=GND Pin=MiddleLeg-7
Added Pin To Net: NetName=+5 Pin=RightATmeg-4
Added Pin To Net: NetName=+5 Pin=RightATmeg-6
Added Pin To Net: NetName=+5 Pin=RightATmeg-18
Added Pin To Net: NetName=NetBackLeg_1 Pin=BackLeg-1
Added Pin To Net: NetName=NetBackLeg_1 Pin=LeftATmeg-16
Added Net: Name=NetBackLeg_1
Added Pin To Net: NetName=NetBackLeg_2 Pin=BackLeg-2
Added Pin To Net: NetName=NetBackLeg_2 Pin=LeftATmeg-17
Added Net: Name=NetBackLeg_2
Added Pin To Net: NetName=NetBackLeg_3 Pin=BackLeg-3
Added Pin To Net: NetName=NetBackLeg_3 Pin=LeftATmeg-15
Added Net: Name=NetBackLeg_3
Added Pin To Net: NetName=NetBackLeg_8 Pin=BackLeg-8
Added Pin To Net: NetName=NetBackLeg_8 Pin=RightATmeg-15
Added Net: Name=NetBackLeg_8
Added Pin To Net: NetName=NetBackLeg_9 Pin=BackLeg-9
Added Pin To Net: NetName=NetBackLeg_9 Pin=RightATmeg-17
Added Net: Name=NetBackLeg_9
Added Pin To Net: NetName=NetBackLeg_10 Pin=BackLeg-10
Added Pin To Net: NetName=NetBackLeg_10 Pin=RightATmeg-16
Added Net: Name=NetBackLeg_10
Added Pin To Net: NetName=NetFrontLeg_1 Pin=FrontLeg-1
Added Pin To Net: NetName=NetFrontLeg_1 Pin=LeftATmeg-10
Added Net: Name=NetFrontLeg_1
Added Pin To Net: NetName=NetFrontLeg_2 Pin=FrontLeg-2
Added Pin To Net: NetName=NetFrontLeg_2 Pin=LeftATmeg-9
Added Net: Name=NetFrontLeg_2
Added Pin To Net: NetName=NetFrontLeg_3 Pin=FrontLeg-3
Added Pin To Net: NetName=NetFrontLeg_3 Pin=LeftATmeg-11
Added Net: Name=NetFrontLeg_3
Added Pin To Net: NetName=NetFrontLeg_8 Pin=FrontLeg-8
Added Pin To Net: NetName=NetFrontLeg_8 Pin=RightATmeg-11
Added Net: Name=NetFrontLeg_8
Added Pin To Net: NetName=NetFrontLeg_9 Pin=FrontLeg-9
Added Pin To Net: NetName=NetFrontLeg_9 Pin=RightATmeg-9
Added Net: Name=NetFrontLeg_9
Added Pin To Net: NetName=NetFrontLeg_10 Pin=FrontLeg-10
Added Pin To Net: NetName=NetFrontLeg_10 Pin=RightATmeg-10
Added Net: Name=NetFrontLeg_10
Added Pin To Net: NetName=NetLeftATmeg_12 Pin=LeftATmeg-12
Added Pin To Net: NetName=NetLeftATmeg_12 Pin=MiddleLeg-3
Added Net: Name=NetLeftATmeg_12
Added Pin To Net: NetName=NetLeftATmeg_13 Pin=LeftATmeg-13
Added Pin To Net: NetName=NetLeftATmeg_13 Pin=MiddleLeg-1
Added Net: Name=NetLeftATmeg_13
Added Pin To Net: NetName=NetLeftATmeg_14 Pin=LeftATmeg-14
Added Pin To Net: NetName=NetLeftATmeg_14 Pin=MiddleLeg-2
Added Net: Name=NetLeftATmeg_14
Added Pin To Net: NetName=NetMiddleLeg_8 Pin=MiddleLeg-8
Added Pin To Net: NetName=NetMiddleLeg_8 Pin=RightATmeg-12
Added Net: Name=NetMiddleLeg_8
Added Pin To Net: NetName=NetMiddleLeg_9 Pin=MiddleLeg-9
Added Pin To Net: NetName=NetMiddleLeg_9 Pin=RightATmeg-14
Added Net: Name=NetMiddleLeg_9
Added Pin To Net: NetName=NetMiddleLeg_10 Pin=MiddleLeg-10
Added Pin To Net: NetName=NetMiddleLeg_10 Pin=RightATmeg-13
Added Net: Name=NetMiddleLeg_10
Added Pin To Net: NetName=SCL Pin=External-3
Added Pin To Net: NetName=SCL Pin=LeftATmeg-28
Added Pin To Net: NetName=SCL Pin=RightATmeg-28
Added Net: Name=SCL
Added Pin To Net: NetName=SDA Pin=External-5
Added Pin To Net: NetName=SDA Pin=LeftATmeg-27
Added Pin To Net: NetName=SDA Pin=RightATmeg-27
Added Net: Name=SDA
Added Member To Class: ClassName=Designator Member=Component Prog Left BARRETTE_3 CONTACTS_2 RANGEES_MALE_DROITE
Added Member To Class: ClassName=Designator Member=Component Prog Right BARRETTE_3 CONTACTS_2 RANGEES_MALE_DROITE
Added Member To Class: ClassName=Designator Member=Component Y? QUARTZ_DROIT_BAS_PROFIL
