Removed Pin From Net: NetName=GND Pin=J5-8
Removed Pin From Net: NetName=+5 Pin=J5-10
Removed Pin From Net: NetName=GND Pin=J9-8
Removed Pin From Net: NetName=+5 Pin=J9-10
Removed Pin From Net: NetName=GND Pin=J13-8
Removed Pin From Net: NetName=+5 Pin=J13-10
Removed Pin From Net: NetName=GND Pin=J17-8
Removed Pin From Net: NetName=+5 Pin=J17-10
Removed Pin From Net: NetName=GND Pin=J21-8
Removed Pin From Net: NetName=+5 Pin=J21-10
Added Component: Designator=J24(BARRETTE_3_M_D)
Add component. Clean all parameters for all variants
Add component (AddParameter): Name = "Type"; Value = "M_D_3"; VariantName = "[No Variations]"
Added Component: Designator=J25(BARRETTE_5X2_M_C)
Add component. Clean all parameters for all variants
Add component (AddParameter): Name = "Type"; Value = "M_C_5X2"; VariantName = "[No Variations]"
Added Component: Designator=J26(BARRETTE_3_M_D)
Add component. Clean all parameters for all variants
Add component (AddParameter): Name = "Type"; Value = "M_D_3"; VariantName = "[No Variations]"
Added Component: Designator=J27(BARRETTE_3_M_D)
Add component. Clean all parameters for all variants
Add component (AddParameter): Name = "Type"; Value = "M_D_3"; VariantName = "[No Variations]"
Added Pin To Net: NetName=+5 Pin=J5-8
Added Pin To Net: NetName=GND Pin=J5-10
Added Pin To Net: NetName=+5 Pin=J9-8
Added Pin To Net: NetName=GND Pin=J9-10
Added Pin To Net: NetName=+5 Pin=J13-8
Added Pin To Net: NetName=GND Pin=J13-10
Added Pin To Net: NetName=+5 Pin=J17-8
Added Pin To Net: NetName=GND Pin=J17-10
Added Pin To Net: NetName=+5 Pin=J21-8
Added Pin To Net: NetName=GND Pin=J21-10
Added Pin To Net: NetName=+5 Pin=J24-2
Added Pin To Net: NetName=GND Pin=J24-3
Added Pin To Net: NetName=+5 Pin=J25-8
Added Pin To Net: NetName=GND Pin=J25-10
Added Pin To Net: NetName=+5 Pin=J26-2
Added Pin To Net: NetName=GND Pin=J26-3
Added Pin To Net: NetName=+5 Pin=J27-2
Added Pin To Net: NetName=GND Pin=J27-3
Added Pin To Net: NetName=NetJ24_1 Pin=J24-1
Added Pin To Net: NetName=NetJ24_1 Pin=J25-2
Added Net: Name=NetJ24_1
Added Pin To Net: NetName=NetJ25_4 Pin=J25-4
Added Pin To Net: NetName=NetJ25_4 Pin=J26-1
Added Net: Name=NetJ25_4
Added Pin To Net: NetName=NetJ25_6 Pin=J25-6
Added Pin To Net: NetName=NetJ25_6 Pin=J27-1
Added Net: Name=NetJ25_6
Added Member To Class: ClassName=MainSchema Member=Component J24 BARRETTE 3 CONTACTS 1 RANGEE MALE DROITE
Added Member To Class: ClassName=MainSchema Member=Component J25 BARRETTE_5 CONTACTS_2 RANGEES_MALE_COUDEE
Added Member To Class: ClassName=MainSchema Member=Component J26 BARRETTE 3 CONTACTS 1 RANGEE MALE DROITE
Added Member To Class: ClassName=MainSchema Member=Component J27 BARRETTE 3 CONTACTS 1 RANGEE MALE DROITE
