Removed Pin From Net: NetName=GND Pin=*-3
Removed Pin From Net: NetName=GND Pin=*-4
Removed Pin From Net: NetName=GND Pin=*-8
Removed Pin From Net: NetName=GND Pin=*-8
Removed Pin From Net: NetName=+5 Pin=*-9
Removed Pin From Net: NetName=GND Pin=*-10
Removed Pin From Net: NetName=GND Pin=*-13
Removed Pin From Net: NetName=GND Pin=*-18
Removed Pin From Net: NetName=GND Pin=*-23
Removed Pin From Net: NetName=GND Pin=*-28
Removed Pin From Net: NetName=GND Pin=*-33
Removed Pin From Net: NetName=GND Pin=*-38
Removed Pin From Net: NetName=GND Pin=*_Borne1-2
Removed Pin From Net: NetName=GND Pin=*_Borne2-2
Removed Pin From Net: NetName=GND Pin=*_Borne3-2
Removed Pin From Net: NetName=GND Pin=BackLeg-4
Removed Pin From Net: NetName=+5 Pin=BackLeg-5
Removed Pin From Net: NetName=+5 Pin=BackLeg-6
Removed Pin From Net: NetName=GND Pin=BackLeg-7
Removed Pin From Net: NetName=GND Pin=C1-1
Removed Pin From Net: NetName=+5 Pin=C1-2
Removed Pin From Net: NetName=GND Pin=C2-1
Removed Pin From Net: NetName=+5 Pin=C2-2
Removed Pin From Net: NetName=GND Pin=C3-1
Removed Pin From Net: NetName=+5 Pin=C3-2
Removed Pin From Net: NetName=GND Pin=C4-1
Removed Pin From Net: NetName=+5 Pin=C4-2
Removed Pin From Net: NetName=GND Pin=C5-1
Removed Pin From Net: NetName=GND Pin=C6-1
Removed Pin From Net: NetName=GND Pin=C7-1
Removed Pin From Net: NetName=GND Pin=C8-1
Removed Pin From Net: NetName=+5 Pin=External1-1
Removed Pin From Net: NetName=GND Pin=External1-7
Removed Pin From Net: NetName=+5 Pin=External-1
Removed Pin From Net: NetName=GND Pin=External-7
Removed Pin From Net: NetName=GND Pin=FrontLeg-4
Removed Pin From Net: NetName=+5 Pin=FrontLeg-5
Removed Pin From Net: NetName=+5 Pin=FrontLeg-6
Removed Pin From Net: NetName=GND Pin=FrontLeg-7
Removed Pin From Net: NetName=+5 Pin=J1-1
Removed Pin From Net: NetName=GND Pin=J2-1
Removed Pin From Net: NetName=+5 Pin=J3-1
Removed Pin From Net: NetName=GND Pin=J3-4
Removed Pin From Net: NetName=+5 Pin=J7-1
Removed Pin From Net: NetName=GND Pin=J7-2
Removed Pin From Net: NetName=+5 Pin=J28_Legs1-2
Removed Pin From Net: NetName=GND Pin=J28_Legs1-3
Removed Pin From Net: NetName=+5 Pin=J28_Legs2-2
Removed Pin From Net: NetName=GND Pin=J28_Legs2-3
Removed Pin From Net: NetName=+5 Pin=J28_Legs3-2
Removed Pin From Net: NetName=GND Pin=J28_Legs3-3
Removed Pin From Net: NetName=+5 Pin=J28_Legs4-2
Removed Pin From Net: NetName=GND Pin=J28_Legs4-3
Removed Pin From Net: NetName=+5 Pin=J28_Legs5-2
Removed Pin From Net: NetName=GND Pin=J28_Legs5-3
Removed Pin From Net: NetName=+5 Pin=J28_Legs6-2
Removed Pin From Net: NetName=GND Pin=J28_Legs6-3
Removed Pin From Net: NetName=+5 Pin=J29_Legs1-8
Removed Pin From Net: NetName=GND Pin=J29_Legs1-10
Removed Pin From Net: NetName=+5 Pin=J29_Legs2-8
Removed Pin From Net: NetName=GND Pin=J29_Legs2-10
Removed Pin From Net: NetName=+5 Pin=J29_Legs3-8
Removed Pin From Net: NetName=GND Pin=J29_Legs3-10
Removed Pin From Net: NetName=+5 Pin=J29_Legs4-8
Removed Pin From Net: NetName=GND Pin=J29_Legs4-10
Removed Pin From Net: NetName=+5 Pin=J29_Legs5-8
Removed Pin From Net: NetName=GND Pin=J29_Legs5-10
Removed Pin From Net: NetName=+5 Pin=J29_Legs6-8
Removed Pin From Net: NetName=GND Pin=J29_Legs6-10
Removed Pin From Net: NetName=+5 Pin=J30_Legs1-2
Removed Pin From Net: NetName=GND Pin=J30_Legs1-3
Removed Pin From Net: NetName=+5 Pin=J30_Legs2-2
Removed Pin From Net: NetName=GND Pin=J30_Legs2-3
Removed Pin From Net: NetName=+5 Pin=J30_Legs3-2
Removed Pin From Net: NetName=GND Pin=J30_Legs3-3
Removed Pin From Net: NetName=+5 Pin=J30_Legs4-2
Removed Pin From Net: NetName=GND Pin=J30_Legs4-3
Removed Pin From Net: NetName=+5 Pin=J30_Legs5-2
Removed Pin From Net: NetName=GND Pin=J30_Legs5-3
Removed Pin From Net: NetName=+5 Pin=J30_Legs6-2
Removed Pin From Net: NetName=GND Pin=J30_Legs6-3
Removed Pin From Net: NetName=+5 Pin=J31_Legs1-2
Removed Pin From Net: NetName=GND Pin=J31_Legs1-3
Removed Pin From Net: NetName=+5 Pin=J31_Legs2-2
Removed Pin From Net: NetName=GND Pin=J31_Legs2-3
Removed Pin From Net: NetName=+5 Pin=J31_Legs3-2
Removed Pin From Net: NetName=GND Pin=J31_Legs3-3
Removed Pin From Net: NetName=+5 Pin=J31_Legs4-2
Removed Pin From Net: NetName=GND Pin=J31_Legs4-3
Removed Pin From Net: NetName=+5 Pin=J31_Legs5-2
Removed Pin From Net: NetName=GND Pin=J31_Legs5-3
Removed Pin From Net: NetName=+5 Pin=J31_Legs6-2
Removed Pin From Net: NetName=GND Pin=J31_Legs6-3
Removed Pin From Net: NetName=+5 Pin=JP2-1
Removed Pin From Net: NetName=GND Pin=JP3-2
Removed Pin From Net: NetName=GND Pin=LeftATmeg-3
Removed Pin From Net: NetName=+5 Pin=LeftATmeg-4
Removed Pin From Net: NetName=GND Pin=LeftATmeg-5
Removed Pin From Net: NetName=+5 Pin=LeftATmeg-6
Removed Pin From Net: NetName=+5 Pin=LeftATmeg-18
Removed Pin From Net: NetName=GND Pin=LeftATmeg-21
Removed Pin From Net: NetName=GND Pin=MiddleLeg-4
Removed Pin From Net: NetName=+5 Pin=MiddleLeg-5
Removed Pin From Net: NetName=+5 Pin=MiddleLeg-6
Removed Pin From Net: NetName=GND Pin=MiddleLeg-7
Removed Pin From Net: NetName=+5 Pin=Prog Left-5
Removed Pin From Net: NetName=GND Pin=Prog Left-6
Removed Pin From Net: NetName=+5 Pin=Prog Right-5
Removed Pin From Net: NetName=GND Pin=Prog Right-6
Removed Pin From Net: NetName=+5 Pin=R1-1
Removed Pin From Net: NetName=+5 Pin=R2-1
Removed Pin From Net: NetName=GND Pin=RightATmeg-3
Removed Pin From Net: NetName=+5 Pin=RightATmeg-4
Removed Pin From Net: NetName=GND Pin=RightATmeg-5
Removed Pin From Net: NetName=+5 Pin=RightATmeg-6
Removed Pin From Net: NetName=+5 Pin=RightATmeg-18
Removed Pin From Net: NetName=GND Pin=RightATmeg-21
Removed Pin From Net: NetName=GND Pin=U1-1
Removed Pin From Net: NetName=GND Pin=U1-12
Removed Pin From Net: NetName=GND Pin=U2_Borne1-1
Removed Pin From Net: NetName=GND Pin=U2_Borne1-12
Removed Pin From Net: NetName=GND Pin=U2_Borne2-1
Removed Pin From Net: NetName=GND Pin=U2_Borne2-12
Removed Pin From Net: NetName=GND Pin=U2_Borne3-1
Removed Pin From Net: NetName=GND Pin=U2_Borne3-12
Added Room: Name=ShieldUART
