Removed Pin From Net: NetName=Net*_Borne1_1 Pin=JP1_Borne1-2
Added Component: Designator=*_Borne1(BCR20H5)
Add component. Clean all parameters for all variants
Added Component: Designator=*_Borne2(BCR20H5)
Add component. Clean all parameters for all variants
Added Component: Designator=JP1_Borne2(BARRETTE_2_M_D)
Add component. Clean all parameters for all variants
Add component (AddParameter): Name = "Type"; Value = "JUMPER2"; VariantName = "[No Variations]"
Added Component: Designator=JP1_Borne3(BARRETTE_2_M_D)
Add component. Clean all parameters for all variants
Add component (AddParameter): Name = "Type"; Value = "JUMPER2"; VariantName = "[No Variations]"
Added Component: Designator=U2_Borne1(MOD51822)
Add component. Clean all parameters for all variants
Added Component: Designator=U2_Borne2(MOD51822)
Add component. Clean all parameters for all variants
Added Pin To Net: NetName=Net*_Borne1_1 Pin=*_Borne1-1
Added Pin To Net: NetName=GND Pin=*_Borne1-2
Added Pin To Net: NetName=Net*_Borne2_1 Pin=*_Borne2-1
Added Pin To Net: NetName=GND Pin=*_Borne2-2
Added Pin To Net: NetName=Net*_Borne1_1 Pin=JP1_Borne1-1
Added Pin To Net: NetName=Net*_Borne2_1 Pin=JP1_Borne2-1
Added Pin To Net: NetName=Net*_Borne3_1 Pin=JP1_Borne3-1
Added Pin To Net: NetName=GND Pin=U2_Borne1-1
Added Pin To Net: NetName=GND Pin=U2_Borne1-12
Added Pin To Net: NetName=GND Pin=U2_Borne2-1
Added Pin To Net: NetName=GND Pin=U2_Borne2-12
Added Pin To Net: NetName=NetJP1_Borne1_2 Pin=JP1_Borne1-2
Added Pin To Net: NetName=NetJP1_Borne1_2 Pin=U2_Borne1-11
Added Net: Name=NetJP1_Borne1_2
Added Pin To Net: NetName=NetJP1_Borne2_2 Pin=JP1_Borne2-2
Added Pin To Net: NetName=NetJP1_Borne2_2 Pin=U2_Borne2-11
Added Net: Name=NetJP1_Borne2_2
Added Pin To Net: NetName=NetJP1_Borne3_2 Pin=JP1_Borne3-2
Added Pin To Net: NetName=NetJP1_Borne3_2 Pin=U2_Borne3-11
Added Net: Name=NetJP1_Borne3_2
Added Member To Class: ClassName=Borne1 Member=Component *_Borne1 (*) BCR20H5
Added Member To Class: ClassName=Borne2 Member=Component *_Borne2 (*) BCR20H5
Added Member To Class: ClassName=Borne2 Member=Component JP1_Borne2 (JP1) JUMPER2
Added Member To Class: ClassName=Borne3 Member=Component JP1_Borne3 (JP1) JUMPER2
Added Member To Class: ClassName=Borne1 Member=Component U2_Borne1 (U2) MOD51822
Added Member To Class: ClassName=Borne2 Member=Component U2_Borne2 (U2) MOD51822
Added Room: Name=Borne1
Added Room: Name=Borne2
