Removed Pin From Net: NetName=GND Pin=U1-1
Removed Pin From Net: NetName=GND Pin=U1-12
Added Component: Designator=*_Legs1(BCR20H5)
Add component. Clean all parameters for all variants
Added Component: Designator=*_Legs2(BCR20H5)
Add component. Clean all parameters for all variants
Added Component: Designator=*_Legs3(BCR20H5)
Add component. Clean all parameters for all variants
Added Component: Designator=U2_Legs1(MOD51822)
Add component. Clean all parameters for all variants
Added Component: Designator=U2_Legs2(MOD51822)
Add component. Clean all parameters for all variants
Added Component: Designator=U2_Legs3(MOD51822)
Add component. Clean all parameters for all variants
Added Pin To Net: NetName=+5 Pin=*_Legs1-1
Added Pin To Net: NetName=GND Pin=*_Legs1-2
Added Pin To Net: NetName=+5 Pin=*_Legs2-1
Added Pin To Net: NetName=GND Pin=*_Legs2-2
Added Pin To Net: NetName=+5 Pin=*_Legs3-1
Added Pin To Net: NetName=GND Pin=*_Legs3-2
Added Pin To Net: NetName=GND Pin=U2_Legs1-1
Added Pin To Net: NetName=GND Pin=U2_Legs1-12
Added Pin To Net: NetName=GND Pin=U2_Legs2-1
Added Pin To Net: NetName=GND Pin=U2_Legs2-12
Added Pin To Net: NetName=GND Pin=U2_Legs3-1
Added Pin To Net: NetName=GND Pin=U2_Legs3-12
Added Class: Name=Borne
Change Room Name: Old Name=MainSchema New Name=Legs3
Change Room Scope: Old Scope=InComponentClass('MainSchema') New Scope=InComponentClass('Legs3')
Added Room: Name=Legs1
Added Room: Name=Legs2
