Removed Pin From Net: NetName=GND Pin=*-3
Removed Pin From Net: NetName=GND Pin=*-3
Removed Pin From Net: NetName=GND Pin=*-4
Removed Pin From Net: NetName=GND Pin=*-8
Removed Pin From Net: NetName=GND Pin=*-8
Removed Pin From Net: NetName=+5 Pin=*-9
Removed Pin From Net: NetName=GND Pin=*-10
Removed Pin From Net: NetName=GND Pin=*-13
Removed Pin From Net: NetName=GND Pin=*-18
Removed Pin From Net: NetName=GND Pin=*-23
Removed Pin From Net: NetName=GND Pin=*-28
Removed Pin From Net: NetName=GND Pin=*-33
Removed Pin From Net: NetName=GND Pin=*-38
Removed Pin From Net: NetName=+5 Pin=*-39
Removed Pin From Net: NetName=GND Pin=*_Borne1-2
Removed Pin From Net: NetName=GND Pin=*_Borne2-2
Removed Pin From Net: NetName=GND Pin=*_Borne3-2
Removed Pin From Net: NetName=+5 Pin=External1-1
Removed Pin From Net: NetName=GND Pin=External1-7
Removed Pin From Net: NetName=+5 Pin=J3-1
Removed Pin From Net: NetName=GND Pin=J3-4
Removed Pin From Net: NetName=+5 Pin=J4-2
Removed Pin From Net: NetName=GND Pin=J5-18
Removed Pin From Net: NetName=+5 Pin=J6-1
Removed Pin From Net: NetName=GND Pin=J6-4
Removed Pin From Net: NetName=+5 Pin=J7-1
Removed Pin From Net: NetName=GND Pin=J7-2
Removed Pin From Net: NetName=+5 Pin=J28_Legs1-2
Removed Pin From Net: NetName=GND Pin=J28_Legs1-3
Removed Pin From Net: NetName=+5 Pin=J28_Legs2-2
Removed Pin From Net: NetName=GND Pin=J28_Legs2-3
Removed Pin From Net: NetName=+5 Pin=J28_Legs3-2
Removed Pin From Net: NetName=GND Pin=J28_Legs3-3
Removed Pin From Net: NetName=+5 Pin=J28_Legs4-2
Removed Pin From Net: NetName=GND Pin=J28_Legs4-3
Removed Pin From Net: NetName=+5 Pin=J28_Legs5-2
Removed Pin From Net: NetName=GND Pin=J28_Legs5-3
Removed Pin From Net: NetName=+5 Pin=J28_Legs6-2
Removed Pin From Net: NetName=GND Pin=J28_Legs6-3
Removed Pin From Net: NetName=+5 Pin=J29_Legs1-8
Removed Pin From Net: NetName=GND Pin=J29_Legs1-10
Removed Pin From Net: NetName=+5 Pin=J29_Legs2-8
Removed Pin From Net: NetName=GND Pin=J29_Legs2-10
Removed Pin From Net: NetName=+5 Pin=J29_Legs3-8
Removed Pin From Net: NetName=GND Pin=J29_Legs3-10
Removed Pin From Net: NetName=+5 Pin=J29_Legs4-8
Removed Pin From Net: NetName=GND Pin=J29_Legs4-10
Removed Pin From Net: NetName=+5 Pin=J29_Legs5-8
Removed Pin From Net: NetName=GND Pin=J29_Legs5-10
Removed Pin From Net: NetName=+5 Pin=J29_Legs6-8
Removed Pin From Net: NetName=GND Pin=J29_Legs6-10
Removed Pin From Net: NetName=+5 Pin=J30_Legs1-2
Removed Pin From Net: NetName=GND Pin=J30_Legs1-3
Removed Pin From Net: NetName=+5 Pin=J30_Legs2-2
Removed Pin From Net: NetName=GND Pin=J30_Legs2-3
Removed Pin From Net: NetName=+5 Pin=J30_Legs3-2
Removed Pin From Net: NetName=GND Pin=J30_Legs3-3
Removed Pin From Net: NetName=+5 Pin=J30_Legs4-2
Removed Pin From Net: NetName=GND Pin=J30_Legs4-3
Removed Pin From Net: NetName=+5 Pin=J30_Legs5-2
Removed Pin From Net: NetName=GND Pin=J30_Legs5-3
Removed Pin From Net: NetName=+5 Pin=J30_Legs6-2
Removed Pin From Net: NetName=GND Pin=J30_Legs6-3
Removed Pin From Net: NetName=+5 Pin=J31_Legs1-2
Removed Pin From Net: NetName=GND Pin=J31_Legs1-3
Removed Pin From Net: NetName=+5 Pin=J31_Legs2-2
Removed Pin From Net: NetName=GND Pin=J31_Legs2-3
Removed Pin From Net: NetName=+5 Pin=J31_Legs3-2
Removed Pin From Net: NetName=GND Pin=J31_Legs3-3
Removed Pin From Net: NetName=+5 Pin=J31_Legs4-2
Removed Pin From Net: NetName=GND Pin=J31_Legs4-3
Removed Pin From Net: NetName=+5 Pin=J31_Legs5-2
Removed Pin From Net: NetName=GND Pin=J31_Legs5-3
Removed Pin From Net: NetName=+5 Pin=J31_Legs6-2
Removed Pin From Net: NetName=GND Pin=J31_Legs6-3
Removed Pin From Net: NetName=+5 Pin=JP2-1
Removed Pin From Net: NetName=GND Pin=JP3-2
Removed Pin From Net: NetName=GND Pin=U1-1
Removed Pin From Net: NetName=GND Pin=U1-12
Removed Pin From Net: NetName=GND Pin=U2_Borne1-1
Removed Pin From Net: NetName=GND Pin=U2_Borne1-12
Removed Pin From Net: NetName=GND Pin=U2_Borne2-1
Removed Pin From Net: NetName=GND Pin=U2_Borne2-12
Removed Pin From Net: NetName=GND Pin=U2_Borne3-1
Removed Pin From Net: NetName=GND Pin=U2_Borne3-12
Added Member To Class: ClassName=Designator Member=Component LeftATmeg ATMEGA328P-AU
Added Member To Class: ClassName=Designator Member=Component RightATmeg ATMEGA328P-AU
Added Room: Name=Designator
