Added Component: Designator=*(Raspberry Pico)
Add component. Clean all parameters for all variants
Added Component: Designator=External1(BARRETTE_5X2_M_D)
Add component. Clean all parameters for all variants
Add component (AddParameter): Name = "Type"; Value = "M_D_5X2"; VariantName = "[No Variations]"
Added Component: Designator=J?(BARRETTE_8_F_D)
Add component. Clean all parameters for all variants
Add component (AddParameter): Name = "Type"; Value = "Gyro"; VariantName = "[No Variations]"
Added Component: Designator=JP2(BARRETTE_2_M_D)
Add component. Clean all parameters for all variants
Add component (AddParameter): Name = "Type"; Value = "JUMPER2"; VariantName = "[No Variations]"
Added Component: Designator=U?(MOD51822)
Add component. Clean all parameters for all variants
Added Pin To Net: NetName=GND Pin=*-3
Added Pin To Net: NetName=GND Pin=*-8
Added Pin To Net: NetName=GND Pin=*-13
Added Pin To Net: NetName=GND Pin=*-18
Added Pin To Net: NetName=GND Pin=*-23
Added Pin To Net: NetName=GND Pin=*-28
Added Pin To Net: NetName=GND Pin=*-33
Added Pin To Net: NetName=GND Pin=*-38
Added Pin To Net: NetName=+5 Pin=External1-1
Added Pin To Net: NetName=GND Pin=External1-7
Added Pin To Net: NetName=+5 Pin=J?-1
Added Pin To Net: NetName=GND Pin=J?-2
Added Pin To Net: NetName=+5 Pin=JP2-1
Added Pin To Net: NetName=GND Pin=U?-1
Added Pin To Net: NetName=GND Pin=U?-12
Added Pin To Net: NetName=+3.3 Pin=*-36
Added Pin To Net: NetName=+3.3 Pin=U?-11
Added Net: Name=+3.3
Added Pin To Net: NetName=Net*_39 Pin=*-39
Added Pin To Net: NetName=Net*_39 Pin=JP2-2
Added Net: Name=Net*_39
Added Pin To Net: NetName=RX_BLE Pin=*-1
Added Pin To Net: NetName=RX_BLE Pin=U?-25
Added Net: Name=RX_BLE
Added Pin To Net: NetName=SCL_G Pin=*-20
Added Pin To Net: NetName=SCL_G Pin=J?-3
Added Net: Name=SCL_G
Added Pin To Net: NetName=SDA_G Pin=*-19
Added Pin To Net: NetName=SDA_G Pin=J?-4
Added Net: Name=SDA_G
Added Pin To Net: NetName=TX_BLE Pin=*-2
Added Pin To Net: NetName=TX_BLE Pin=U?-23
Added Net: Name=TX_BLE
Added Room: Name=Designator
