Added Component: Designator=J28_Legs1(BARRETTE_3_M_D)
Add component. Clean all parameters for all variants
Add component (AddParameter): Name = "Type"; Value = "M_D_3"; VariantName = "[No Variations]"
Added Component: Designator=J28_Legs2(BARRETTE_3_M_D)
Add component. Clean all parameters for all variants
Add component (AddParameter): Name = "Type"; Value = "M_D_3"; VariantName = "[No Variations]"
Added Component: Designator=J28_Legs3(BARRETTE_3_M_D)
Add component. Clean all parameters for all variants
Add component (AddParameter): Name = "Type"; Value = "M_D_3"; VariantName = "[No Variations]"
Added Component: Designator=J28_Legs4(BARRETTE_3_M_D)
Add component. Clean all parameters for all variants
Add component (AddParameter): Name = "Type"; Value = "M_D_3"; VariantName = "[No Variations]"
Added Component: Designator=J28_Legs5(BARRETTE_3_M_D)
Add component. Clean all parameters for all variants
Add component (AddParameter): Name = "Type"; Value = "M_D_3"; VariantName = "[No Variations]"
Added Component: Designator=J28_Legs6(BARRETTE_3_M_D)
Add component. Clean all parameters for all variants
Add component (AddParameter): Name = "Type"; Value = "M_D_3"; VariantName = "[No Variations]"
Added Component: Designator=J29_Legs1(BARRETTE_5X2_M_C)
Add component. Clean all parameters for all variants
Add component (AddParameter): Name = "Type"; Value = "M_C_5X2"; VariantName = "[No Variations]"
Added Component: Designator=J29_Legs2(BARRETTE_5X2_M_C)
Add component. Clean all parameters for all variants
Add component (AddParameter): Name = "Type"; Value = "M_C_5X2"; VariantName = "[No Variations]"
Added Component: Designator=J29_Legs3(BARRETTE_5X2_M_C)
Add component. Clean all parameters for all variants
Add component (AddParameter): Name = "Type"; Value = "M_C_5X2"; VariantName = "[No Variations]"
Added Component: Designator=J29_Legs4(BARRETTE_5X2_M_C)
Add component. Clean all parameters for all variants
Add component (AddParameter): Name = "Type"; Value = "M_C_5X2"; VariantName = "[No Variations]"
Added Component: Designator=J29_Legs5(BARRETTE_5X2_M_C)
Add component. Clean all parameters for all variants
Add component (AddParameter): Name = "Type"; Value = "M_C_5X2"; VariantName = "[No Variations]"
Added Component: Designator=J29_Legs6(BARRETTE_5X2_M_C)
Add component. Clean all parameters for all variants
Add component (AddParameter): Name = "Type"; Value = "M_C_5X2"; VariantName = "[No Variations]"
Added Component: Designator=J30_Legs1(BARRETTE_3_M_D)
Add component. Clean all parameters for all variants
Add component (AddParameter): Name = "Type"; Value = "M_D_3"; VariantName = "[No Variations]"
Added Component: Designator=J30_Legs2(BARRETTE_3_M_D)
Add component. Clean all parameters for all variants
Add component (AddParameter): Name = "Type"; Value = "M_D_3"; VariantName = "[No Variations]"
Added Component: Designator=J30_Legs3(BARRETTE_3_M_D)
Add component. Clean all parameters for all variants
Add component (AddParameter): Name = "Type"; Value = "M_D_3"; VariantName = "[No Variations]"
Added Component: Designator=J30_Legs4(BARRETTE_3_M_D)
Add component. Clean all parameters for all variants
Add component (AddParameter): Name = "Type"; Value = "M_D_3"; VariantName = "[No Variations]"
Added Component: Designator=J30_Legs5(BARRETTE_3_M_D)
Add component. Clean all parameters for all variants
Add component (AddParameter): Name = "Type"; Value = "M_D_3"; VariantName = "[No Variations]"
Added Component: Designator=J30_Legs6(BARRETTE_3_M_D)
Add component. Clean all parameters for all variants
Add component (AddParameter): Name = "Type"; Value = "M_D_3"; VariantName = "[No Variations]"
Added Component: Designator=J31_Legs1(BARRETTE_3_M_D)
Add component. Clean all parameters for all variants
Add component (AddParameter): Name = "Type"; Value = "M_D_3"; VariantName = "[No Variations]"
Added Component: Designator=J31_Legs2(BARRETTE_3_M_D)
Add component. Clean all parameters for all variants
Add component (AddParameter): Name = "Type"; Value = "M_D_3"; VariantName = "[No Variations]"
Added Component: Designator=J31_Legs3(BARRETTE_3_M_D)
Add component. Clean all parameters for all variants
Add component (AddParameter): Name = "Type"; Value = "M_D_3"; VariantName = "[No Variations]"
Added Component: Designator=J31_Legs4(BARRETTE_3_M_D)
Add component. Clean all parameters for all variants
Add component (AddParameter): Name = "Type"; Value = "M_D_3"; VariantName = "[No Variations]"
Added Component: Designator=J31_Legs5(BARRETTE_3_M_D)
Add component. Clean all parameters for all variants
Add component (AddParameter): Name = "Type"; Value = "M_D_3"; VariantName = "[No Variations]"
Added Component: Designator=J31_Legs6(BARRETTE_3_M_D)
Add component. Clean all parameters for all variants
Add component (AddParameter): Name = "Type"; Value = "M_D_3"; VariantName = "[No Variations]"
Added Pin To Net: NetName=+5 Pin=J28_Legs1-2
Added Pin To Net: NetName=GND Pin=J28_Legs1-3
Added Pin To Net: NetName=+5 Pin=J28_Legs2-2
Added Pin To Net: NetName=GND Pin=J28_Legs2-3
Added Pin To Net: NetName=+5 Pin=J28_Legs3-2
Added Pin To Net: NetName=GND Pin=J28_Legs3-3
Added Pin To Net: NetName=+5 Pin=J28_Legs4-2
Added Pin To Net: NetName=GND Pin=J28_Legs4-3
Added Pin To Net: NetName=+5 Pin=J28_Legs5-2
Added Pin To Net: NetName=GND Pin=J28_Legs5-3
Added Pin To Net: NetName=+5 Pin=J28_Legs6-2
Added Pin To Net: NetName=GND Pin=J28_Legs6-3
Added Pin To Net: NetName=+5 Pin=J29_Legs1-8
Added Pin To Net: NetName=GND Pin=J29_Legs1-10
Added Pin To Net: NetName=+5 Pin=J29_Legs2-8
Added Pin To Net: NetName=GND Pin=J29_Legs2-10
Added Pin To Net: NetName=+5 Pin=J29_Legs3-8
Added Pin To Net: NetName=GND Pin=J29_Legs3-10
Added Pin To Net: NetName=+5 Pin=J29_Legs4-8
Added Pin To Net: NetName=GND Pin=J29_Legs4-10
Added Pin To Net: NetName=+5 Pin=J29_Legs5-8
Added Pin To Net: NetName=GND Pin=J29_Legs5-10
Added Pin To Net: NetName=+5 Pin=J29_Legs6-8
Added Pin To Net: NetName=GND Pin=J29_Legs6-10
Added Pin To Net: NetName=+5 Pin=J30_Legs1-2
Added Pin To Net: NetName=GND Pin=J30_Legs1-3
Added Pin To Net: NetName=+5 Pin=J30_Legs2-2
Added Pin To Net: NetName=GND Pin=J30_Legs2-3
Added Pin To Net: NetName=+5 Pin=J30_Legs3-2
Added Pin To Net: NetName=GND Pin=J30_Legs3-3
Added Pin To Net: NetName=+5 Pin=J30_Legs4-2
Added Pin To Net: NetName=GND Pin=J30_Legs4-3
Added Pin To Net: NetName=+5 Pin=J30_Legs5-2
Added Pin To Net: NetName=GND Pin=J30_Legs5-3
Added Pin To Net: NetName=+5 Pin=J30_Legs6-2
Added Pin To Net: NetName=GND Pin=J30_Legs6-3
Added Pin To Net: NetName=+5 Pin=J31_Legs1-2
Added Pin To Net: NetName=GND Pin=J31_Legs1-3
Added Pin To Net: NetName=+5 Pin=J31_Legs2-2
Added Pin To Net: NetName=GND Pin=J31_Legs2-3
Added Pin To Net: NetName=+5 Pin=J31_Legs3-2
Added Pin To Net: NetName=GND Pin=J31_Legs3-3
Added Pin To Net: NetName=+5 Pin=J31_Legs4-2
Added Pin To Net: NetName=GND Pin=J31_Legs4-3
Added Pin To Net: NetName=+5 Pin=J31_Legs5-2
Added Pin To Net: NetName=GND Pin=J31_Legs5-3
Added Pin To Net: NetName=+5 Pin=J31_Legs6-2
Added Pin To Net: NetName=GND Pin=J31_Legs6-3
Added Pin To Net: NetName=NetJ28_Legs1_1 Pin=J28_Legs1-1
Added Pin To Net: NetName=NetJ28_Legs1_1 Pin=J29_Legs1-2
Added Net: Name=NetJ28_Legs1_1
Added Pin To Net: NetName=NetJ28_Legs2_1 Pin=J28_Legs2-1
Added Pin To Net: NetName=NetJ28_Legs2_1 Pin=J29_Legs2-2
Added Net: Name=NetJ28_Legs2_1
Added Pin To Net: NetName=NetJ28_Legs3_1 Pin=J28_Legs3-1
Added Pin To Net: NetName=NetJ28_Legs3_1 Pin=J29_Legs3-2
Added Net: Name=NetJ28_Legs3_1
Added Pin To Net: NetName=NetJ28_Legs4_1 Pin=J28_Legs4-1
Added Pin To Net: NetName=NetJ28_Legs4_1 Pin=J29_Legs4-2
Added Net: Name=NetJ28_Legs4_1
Added Pin To Net: NetName=NetJ28_Legs5_1 Pin=J28_Legs5-1
Added Pin To Net: NetName=NetJ28_Legs5_1 Pin=J29_Legs5-2
Added Net: Name=NetJ28_Legs5_1
Added Pin To Net: NetName=NetJ28_Legs6_1 Pin=J28_Legs6-1
Added Pin To Net: NetName=NetJ28_Legs6_1 Pin=J29_Legs6-2
Added Net: Name=NetJ28_Legs6_1
Added Pin To Net: NetName=NetJ29_Legs1_4 Pin=J29_Legs1-4
Added Pin To Net: NetName=NetJ29_Legs1_4 Pin=J30_Legs1-1
Added Net: Name=NetJ29_Legs1_4
Added Pin To Net: NetName=NetJ29_Legs1_6 Pin=J29_Legs1-6
Added Pin To Net: NetName=NetJ29_Legs1_6 Pin=J31_Legs1-1
Added Net: Name=NetJ29_Legs1_6
Added Pin To Net: NetName=NetJ29_Legs2_4 Pin=J29_Legs2-4
Added Pin To Net: NetName=NetJ29_Legs2_4 Pin=J30_Legs2-1
Added Net: Name=NetJ29_Legs2_4
Added Pin To Net: NetName=NetJ29_Legs2_6 Pin=J29_Legs2-6
Added Pin To Net: NetName=NetJ29_Legs2_6 Pin=J31_Legs2-1
Added Net: Name=NetJ29_Legs2_6
Added Pin To Net: NetName=NetJ29_Legs3_4 Pin=J29_Legs3-4
Added Pin To Net: NetName=NetJ29_Legs3_4 Pin=J30_Legs3-1
Added Net: Name=NetJ29_Legs3_4
Added Pin To Net: NetName=NetJ29_Legs3_6 Pin=J29_Legs3-6
Added Pin To Net: NetName=NetJ29_Legs3_6 Pin=J31_Legs3-1
Added Net: Name=NetJ29_Legs3_6
Added Pin To Net: NetName=NetJ29_Legs4_4 Pin=J29_Legs4-4
Added Pin To Net: NetName=NetJ29_Legs4_4 Pin=J30_Legs4-1
Added Net: Name=NetJ29_Legs4_4
Added Pin To Net: NetName=NetJ29_Legs4_6 Pin=J29_Legs4-6
Added Pin To Net: NetName=NetJ29_Legs4_6 Pin=J31_Legs4-1
Added Net: Name=NetJ29_Legs4_6
Added Pin To Net: NetName=NetJ29_Legs5_4 Pin=J29_Legs5-4
Added Pin To Net: NetName=NetJ29_Legs5_4 Pin=J30_Legs5-1
Added Net: Name=NetJ29_Legs5_4
Added Pin To Net: NetName=NetJ29_Legs5_6 Pin=J29_Legs5-6
Added Pin To Net: NetName=NetJ29_Legs5_6 Pin=J31_Legs5-1
Added Net: Name=NetJ29_Legs5_6
Added Pin To Net: NetName=NetJ29_Legs6_4 Pin=J29_Legs6-4
Added Pin To Net: NetName=NetJ29_Legs6_4 Pin=J30_Legs6-1
Added Net: Name=NetJ29_Legs6_4
Added Pin To Net: NetName=NetJ29_Legs6_6 Pin=J29_Legs6-6
Added Pin To Net: NetName=NetJ29_Legs6_6 Pin=J31_Legs6-1
Added Net: Name=NetJ29_Legs6_6
Added Class: Name=Legs1
Added Class: Name=Legs2
Added Class: Name=Legs3
Added Class: Name=Legs4
Added Class: Name=Legs5
Added Class: Name=Legs6
Added Class: Name=Leg
Added Room: Name=Legs1
Added Room: Name=Legs2
Added Room: Name=Legs3
Added Room: Name=Legs4
Added Room: Name=Legs5
Added Room: Name=Legs6
