Added Component: Designator=*(ESP32-CAM)
Add component. Clean all parameters for all variants
Added Component: Designator=J3(BARRETTE_4_M_D)
Add component. Clean all parameters for all variants
Add component (AddParameter): Name = "Type"; Value = "M_D_4"; VariantName = "[No Variations]"
Added Component: Designator=JP3(BARRETTE_2_M_D)
Add component. Clean all parameters for all variants
Add component (AddParameter): Name = "Type"; Value = "JUMPER2"; VariantName = "[No Variations]"
Added Pin To Net: NetName=+5 Pin=J3-1
Added Pin To Net: NetName=GND Pin=J3-4
Added Pin To Net: NetName=GND Pin=JP3-2
Added Pin To Net: NetName=Net*_3 Pin=*-3
Added Pin To Net: NetName=Net*_3 Pin=JP3-1
Added Net: Name=Net*_3
Added Pin To Net: NetName=RX_ESP Pin=*-6
Added Pin To Net: NetName=RX_ESP Pin=J3-3
Added Net: Name=RX_ESP
Added Pin To Net: NetName=TX_ESP Pin=*-7
Added Pin To Net: NetName=TX_ESP Pin=J3-2
Added Net: Name=TX_ESP
Added Class: Name=ESPCAM
Added Room: Name=ESPCAM
Added Room: Name=ShieldUART
