Removed Pin From Net: NetName=GND Pin=*-3
Removed Pin From Net: NetName=GND Pin=*-3
Removed Pin From Net: NetName=GND Pin=*-4
Removed Pin From Net: NetName=GND Pin=*-8
Removed Pin From Net: NetName=GND Pin=*-8
Removed Pin From Net: NetName=GND Pin=*-10
Removed Pin From Net: NetName=GND Pin=*-13
Removed Pin From Net: NetName=GND Pin=*-18
Removed Pin From Net: NetName=GND Pin=*-23
Removed Pin From Net: NetName=GND Pin=*-28
Removed Pin From Net: NetName=GND Pin=*-33
Removed Pin From Net: NetName=GND Pin=*-38
Removed Pin From Net: NetName=GND Pin=BackLeg-4
Removed Pin From Net: NetName=GND Pin=BackLeg-7
Removed Pin From Net: NetName=GND Pin=C1-1
Removed Pin From Net: NetName=GND Pin=C2-1
Removed Pin From Net: NetName=GND Pin=C3-1
Removed Pin From Net: NetName=GND Pin=C4-1
Removed Pin From Net: NetName=GND Pin=C5-1
Removed Pin From Net: NetName=GND Pin=C6-1
Removed Pin From Net: NetName=GND Pin=C7-1
Removed Pin From Net: NetName=GND Pin=C8-1
Removed Pin From Net: NetName=GND Pin=External1-7
Removed Pin From Net: NetName=GND Pin=External-7
Removed Pin From Net: NetName=GND Pin=FrontLeg-4
Removed Pin From Net: NetName=GND Pin=FrontLeg-7
Removed Pin From Net: NetName=GND Pin=J2-1
Removed Pin From Net: NetName=GND Pin=J3-4
Removed Pin From Net: NetName=GND Pin=J5-18
Removed Pin From Net: NetName=GND Pin=J6-4
Removed Pin From Net: NetName=GND Pin=J7-2
Removed Pin From Net: NetName=GND Pin=J28_Legs1-3
Removed Pin From Net: NetName=GND Pin=J28_Legs2-3
Removed Pin From Net: NetName=GND Pin=J28_Legs3-3
Removed Pin From Net: NetName=GND Pin=J28_Legs4-3
Removed Pin From Net: NetName=GND Pin=J28_Legs5-3
Removed Pin From Net: NetName=GND Pin=J28_Legs6-3
Removed Pin From Net: NetName=GND Pin=J29_Legs1-10
Removed Pin From Net: NetName=GND Pin=J29_Legs2-10
Removed Pin From Net: NetName=GND Pin=J29_Legs3-10
Removed Pin From Net: NetName=GND Pin=J29_Legs4-10
Removed Pin From Net: NetName=GND Pin=J29_Legs5-10
Removed Pin From Net: NetName=GND Pin=J29_Legs6-10
Removed Pin From Net: NetName=GND Pin=J30_Legs1-3
Removed Pin From Net: NetName=GND Pin=J30_Legs2-3
Removed Pin From Net: NetName=GND Pin=J30_Legs3-3
Removed Pin From Net: NetName=GND Pin=J30_Legs4-3
Removed Pin From Net: NetName=GND Pin=J30_Legs5-3
Removed Pin From Net: NetName=GND Pin=J30_Legs6-3
Removed Pin From Net: NetName=GND Pin=J31_Legs1-3
Removed Pin From Net: NetName=GND Pin=J31_Legs2-3
Removed Pin From Net: NetName=GND Pin=J31_Legs3-3
Removed Pin From Net: NetName=GND Pin=J31_Legs4-3
Removed Pin From Net: NetName=GND Pin=J31_Legs5-3
Removed Pin From Net: NetName=GND Pin=J31_Legs6-3
Removed Pin From Net: NetName=GND Pin=JP3-2
Removed Pin From Net: NetName=GND Pin=LeftATmeg-3
Removed Pin From Net: NetName=GND Pin=LeftATmeg-5
Removed Pin From Net: NetName=GND Pin=LeftATmeg-21
Removed Pin From Net: NetName=GND Pin=MiddleLeg-4
Removed Pin From Net: NetName=GND Pin=MiddleLeg-7
Removed Pin From Net: NetName=GND Pin=Prog Left-6
Removed Pin From Net: NetName=GND Pin=Prog Right-6
Removed Pin From Net: NetName=GND Pin=RightATmeg-3
Removed Pin From Net: NetName=GND Pin=RightATmeg-5
Removed Pin From Net: NetName=GND Pin=RightATmeg-21
Removed Pin From Net: NetName=GND Pin=U1-1
Removed Pin From Net: NetName=GND Pin=U1-12
Added Room: Name=Borne1
Added Room: Name=Borne2
Added Room: Name=Borne3
